<?xml version="1.0" encoding="UTF-8"?>
<testsuite xmlns:xsi="http://www.w3.org/2001/XMLSchema-instance" xsi:noNamespaceSchemaLocation="https://maven.apache.org/surefire/maven-surefire-plugin/xsd/surefire-test-report.xsd" name="org.suyuesheng.spring7.test.TestOne" time="12.298" tests="5" errors="0" skipped="0" failures="0">
  <properties>
[...]
</properties>
  <testcase name="testQie" classname="org.suyuesheng.spring7.test.TestOne" time="0.003"/>
  <testcase name="testTwo" classname="org.suyuesheng.spring7.test.TestOne" time="0.359"/>
  <testcase name="testNewInsert" classname="org.suyuesheng.spring7.test.TestOne" time="6.134"/>
  <testcase name="haveATry" classname="org.suyuesheng.spring7.test.TestOne" time="3.148"/>
  <testcase name="testActive" classname="org.suyuesheng.spring7.test.TestOne" time="2.626"/>
</testsuite>